<?xml version="1.0" encoding="UTF-8"?>
<testng-results ignored="0" total="1" passed="1" failed="0" skipped="0">
  <reporter-output>
  </reporter-output>
  <suite started-at="2024-01-22T18:26:00 IST" name="Default suite" finished-at="2024-01-22T18:26:04 IST" duration-ms="3919">
    <groups>
    </groups>
    <test started-at="2024-01-22T18:26:00 IST" name="Default test" finished-at="2024-01-22T18:26:04 IST" duration-ms="3919">
      <class name="mobileappapitestapi.cutomerfamilymember">
        <test-method signature="familymember()[pri:0, instance:mobileappapitestapi.cutomerfamilymember@4466af20]" started-at="2024-01-22T18:26:00 IST" name="familymember" finished-at="2024-01-22T18:26:04 IST" duration-ms="3854" status="PASS">
          <reporter-output>
          </reporter-output>
        </test-method> <!-- familymember -->
      </class> <!-- mobileappapitestapi.cutomerfamilymember -->
    </test> <!-- Default test -->
  </suite> <!-- Default suite -->
</testng-results>
